2025-05-04 03:08:37,271 - pacman-client - INFO - PacmanClient initialized with player_id: fcd1c237
2025-05-04 03:08:37,271 - pacman-client - INFO - Connecting to server at 192.168.1.x:50051
2025-05-04 03:08:57,374 - pacman-client - ERROR - Error creating game: <_InactiveRpcError of RPC that terminated with:
	status = StatusCode.UNAVAILABLE
	details = "DNS resolution failed for 192.168.1.x:50051: C-ares status is not ARES_SUCCESS qtype=A name=192.168.1.x is_balancer=0: Domain name not found"
	debug_error_string = "UNKNOWN:Error received from peer  {grpc_message:"DNS resolution failed for 192.168.1.x:50051: C-ares status is not ARES_SUCCESS qtype=A name=192.168.1.x is_balancer=0: Domain name not found", grpc_status:14, created_time:"2025-05-04T03:08:57.374111-04:00"}"
>
Traceback (most recent call last):
  File "/Users/pedrogarcia/pAIc-man/pacman_client.py", line 83, in create_game
    response = self.stub.CreateGame(config)
  File "/Users/pedrogarcia/.pyenv/versions/3.9.18/lib/python3.9/site-packages/grpc/_channel.py", line 1181, in __call__
    return _end_unary_response_blocking(state, call, False, None)
  File "/Users/pedrogarcia/.pyenv/versions/3.9.18/lib/python3.9/site-packages/grpc/_channel.py", line 1006, in _end_unary_response_blocking
    raise _InactiveRpcError(state)  # pytype: disable=not-instantiable
grpc._channel._InactiveRpcError: <_InactiveRpcError of RPC that terminated with:
	status = StatusCode.UNAVAILABLE
	details = "DNS resolution failed for 192.168.1.x:50051: C-ares status is not ARES_SUCCESS qtype=A name=192.168.1.x is_balancer=0: Domain name not found"
	debug_error_string = "UNKNOWN:Error received from peer  {grpc_message:"DNS resolution failed for 192.168.1.x:50051: C-ares status is not ARES_SUCCESS qtype=A name=192.168.1.x is_balancer=0: Domain name not found", grpc_status:14, created_time:"2025-05-04T03:08:57.374111-04:00"}"
>
2025-05-04 03:10:12,242 - pacman-client - INFO - PacmanClient initialized with player_id: b63ab232
2025-05-04 03:10:12,243 - pacman-client - INFO - Connecting to server at localhost:50051
2025-05-04 03:10:30,780 - pacman-client - INFO - Created game with ID: c8467caf-bbff-4c68-82bd-68eff7a8ce7f
2025-05-04 03:10:43,107 - pacman-client - ERROR - Error joining game: __call__() missing 1 required positional argument: 'request_iterator'
Traceback (most recent call last):
  File "/Users/pedrogarcia/pAIc-man/pacman_client.py", line 138, in join_game
    action_stream = self.stub.PlayGame()
TypeError: __call__() missing 1 required positional argument: 'request_iterator'
2025-05-04 03:12:36,709 - pacman-client - INFO - PacmanClient initialized with player_id: d5e95d43
2025-05-04 03:12:36,709 - pacman-client - INFO - Connecting to server at localhost:50051
2025-05-04 03:12:43,101 - pacman-client - INFO - Found 1 available games
2025-05-04 03:12:50,066 - pacman-client - INFO - Joined game c8467caf-bbff-4c68-82bd-68eff7a8ce7f
2025-05-04 03:13:29,977 - pacman-client - ERROR - Error in game state stream: <_MultiThreadedRendezvous of RPC that terminated with:
	status = StatusCode.UNAVAILABLE
	details = "Socket closed"
	debug_error_string = "UNKNOWN:Error received from peer  {grpc_message:"Socket closed", grpc_status:14, created_time:"2025-05-04T03:13:29.974648-04:00"}"
>
Traceback (most recent call last):
  File "/Users/pedrogarcia/pAIc-man/pacman_client.py", line 98, in _game_state_handler
    for game_state in game_state_stream:
  File "/Users/pedrogarcia/.pyenv/versions/3.9.18/lib/python3.9/site-packages/grpc/_channel.py", line 543, in __next__
    return self._next()
  File "/Users/pedrogarcia/.pyenv/versions/3.9.18/lib/python3.9/site-packages/grpc/_channel.py", line 969, in _next
    raise self
grpc._channel._MultiThreadedRendezvous: <_MultiThreadedRendezvous of RPC that terminated with:
	status = StatusCode.UNAVAILABLE
	details = "Socket closed"
	debug_error_string = "UNKNOWN:Error received from peer  {grpc_message:"Socket closed", grpc_status:14, created_time:"2025-05-04T03:13:29.974648-04:00"}"
>
2025-05-04 03:13:29,979 - pacman-client - INFO - Left the game
2025-05-04 09:07:30,227 - pacman-client - INFO - PacmanClient initialized with player_id: 907d1dd7
2025-05-04 09:07:30,227 - pacman-client - INFO - Connecting to server at 192.168.1.x:50051
2025-05-04 09:07:32,685 - pacman-client - ERROR - Error listing games: <_InactiveRpcError of RPC that terminated with:
	status = StatusCode.UNAVAILABLE
	details = "DNS resolution failed for 192.168.1.x:50051: C-ares status is not ARES_SUCCESS qtype=AAAA name=192.168.1.x is_balancer=0: Domain name not found"
	debug_error_string = "UNKNOWN:Error received from peer  {grpc_message:"DNS resolution failed for 192.168.1.x:50051: C-ares status is not ARES_SUCCESS qtype=AAAA name=192.168.1.x is_balancer=0: Domain name not found", grpc_status:14, created_time:"2025-05-04T09:07:32.684754-04:00"}"
>
Traceback (most recent call last):
  File "/Users/pedrogarcia/pAIc-man/pacman_client.py", line 69, in list_games
    response = self.stub.ListGames(pacman_pb2.Empty())
               ^^^^^^^^^^^^^^^^^^^^^^^^^^^^^^^^^^^^^^^
  File "/Library/Frameworks/Python.framework/Versions/3.12/lib/python3.12/site-packages/grpc/_channel.py", line 1181, in __call__
    return _end_unary_response_blocking(state, call, False, None)
           ^^^^^^^^^^^^^^^^^^^^^^^^^^^^^^^^^^^^^^^^^^^^^^^^^^^^^^
  File "/Library/Frameworks/Python.framework/Versions/3.12/lib/python3.12/site-packages/grpc/_channel.py", line 1006, in _end_unary_response_blocking
    raise _InactiveRpcError(state)  # pytype: disable=not-instantiable
    ^^^^^^^^^^^^^^^^^^^^^^^^^^^^^^
grpc._channel._InactiveRpcError: <_InactiveRpcError of RPC that terminated with:
	status = StatusCode.UNAVAILABLE
	details = "DNS resolution failed for 192.168.1.x:50051: C-ares status is not ARES_SUCCESS qtype=AAAA name=192.168.1.x is_balancer=0: Domain name not found"
	debug_error_string = "UNKNOWN:Error received from peer  {grpc_message:"DNS resolution failed for 192.168.1.x:50051: C-ares status is not ARES_SUCCESS qtype=AAAA name=192.168.1.x is_balancer=0: Domain name not found", grpc_status:14, created_time:"2025-05-04T09:07:32.684754-04:00"}"
>
2025-05-04 09:07:40,013 - pacman-client - ERROR - Error creating game: <_InactiveRpcError of RPC that terminated with:
	status = StatusCode.UNAVAILABLE
	details = "DNS resolution failed for 192.168.1.x:50051: C-ares status is not ARES_SUCCESS qtype=A name=192.168.1.x is_balancer=0: Domain name not found"
	debug_error_string = "UNKNOWN:Error received from peer  {created_time:"2025-05-04T09:07:40.012643-04:00", grpc_status:14, grpc_message:"DNS resolution failed for 192.168.1.x:50051: C-ares status is not ARES_SUCCESS qtype=A name=192.168.1.x is_balancer=0: Domain name not found"}"
>
Traceback (most recent call last):
  File "/Users/pedrogarcia/pAIc-man/pacman_client.py", line 83, in create_game
    response = self.stub.CreateGame(config)
               ^^^^^^^^^^^^^^^^^^^^^^^^^^^^
  File "/Library/Frameworks/Python.framework/Versions/3.12/lib/python3.12/site-packages/grpc/_channel.py", line 1181, in __call__
    return _end_unary_response_blocking(state, call, False, None)
           ^^^^^^^^^^^^^^^^^^^^^^^^^^^^^^^^^^^^^^^^^^^^^^^^^^^^^^
  File "/Library/Frameworks/Python.framework/Versions/3.12/lib/python3.12/site-packages/grpc/_channel.py", line 1006, in _end_unary_response_blocking
    raise _InactiveRpcError(state)  # pytype: disable=not-instantiable
    ^^^^^^^^^^^^^^^^^^^^^^^^^^^^^^
grpc._channel._InactiveRpcError: <_InactiveRpcError of RPC that terminated with:
	status = StatusCode.UNAVAILABLE
	details = "DNS resolution failed for 192.168.1.x:50051: C-ares status is not ARES_SUCCESS qtype=A name=192.168.1.x is_balancer=0: Domain name not found"
	debug_error_string = "UNKNOWN:Error received from peer  {created_time:"2025-05-04T09:07:40.012643-04:00", grpc_status:14, grpc_message:"DNS resolution failed for 192.168.1.x:50051: C-ares status is not ARES_SUCCESS qtype=A name=192.168.1.x is_balancer=0: Domain name not found"}"
>
2025-05-04 09:44:31,993 - pacman-client - INFO - PacmanClient initialized with player_id: 704cc925
2025-05-04 09:44:31,993 - pacman-client - INFO - Connecting to server at localhost:50051
2025-05-04 09:44:37,145 - pacman-client - INFO - Created game with ID: c8c1b3c5-7257-48b0-a52f-7dd6c582c7b7
2025-05-04 09:44:45,410 - pacman-client - INFO - Joined game c8c1b3c5-7257-48b0-a52f-7dd6c582c7b7
2025-05-04 09:55:50,615 - pacman-client - INFO - PacmanClient initialized with player_id: ec6c86ec
2025-05-04 09:55:50,615 - pacman-client - INFO - Connecting to server at localhost:50051
2025-05-04 09:55:50,620 - pacman-client - INFO - Successfully connected to server
2025-05-04 09:59:07,146 - pacman-client - INFO - PacmanClient initialized with player_id: 99bf2ff0
2025-05-04 09:59:07,147 - pacman-client - INFO - Connecting to server at 10.250.174.48:50051
2025-05-04 10:02:00,007 - pacman-client - INFO - PacmanClient initialized with player_id: 5b13af26
2025-05-04 10:02:00,008 - pacman-client - INFO - Connecting to server at localhost:50051
2025-05-04 10:02:00,017 - pacman-client - INFO - Successfully connected to server
2025-05-04 10:02:03,279 - pacman-client - INFO - Created game with ID: 723ba509-c2b3-45c2-84c3-c6e9de099a33
2025-05-04 10:02:06,764 - pacman-client - INFO - Found 1 available games
2025-05-04 10:02:12,140 - pacman-client - INFO - Joined game 723ba509-c2b3-45c2-84c3-c6e9de099a33
2025-05-04 10:03:02,180 - pacman-client - ERROR - Server connection lost: Too many pings
2025-05-04 10:03:02,180 - pacman-client - INFO - Attempting to reconnect (1/5)...
2025-05-04 10:03:03,189 - pacman-client - INFO - Connecting to server at localhost:50051
2025-05-04 10:03:03,200 - pacman-client - INFO - Successfully connected to server
2025-05-04 10:03:03,201 - pacman-client - INFO - Reconnection successful
2025-05-04 10:03:03,201 - pacman-client - INFO - Attempting to rejoin game 723ba509-c2b3-45c2-84c3-c6e9de099a33
2025-05-04 10:03:03,202 - pacman-client - INFO - Joined game 723ba509-c2b3-45c2-84c3-c6e9de099a33
2025-05-04 10:03:43,325 - pacman-client - ERROR - Server connection lost: Too many pings
2025-05-04 10:03:43,326 - pacman-client - INFO - Attempting to reconnect (1/5)...
2025-05-04 10:03:44,329 - pacman-client - INFO - Connecting to server at localhost:50051
2025-05-04 10:03:44,336 - pacman-client - INFO - Successfully connected to server
2025-05-04 10:03:44,336 - pacman-client - INFO - Reconnection successful
2025-05-04 10:03:44,336 - pacman-client - INFO - Attempting to rejoin game 723ba509-c2b3-45c2-84c3-c6e9de099a33
2025-05-04 10:03:44,338 - pacman-client - INFO - Joined game 723ba509-c2b3-45c2-84c3-c6e9de099a33
2025-05-04 10:04:24,457 - pacman-client - ERROR - Server connection lost: Too many pings
2025-05-04 10:04:24,458 - pacman-client - INFO - Attempting to reconnect (1/5)...
2025-05-04 10:04:25,462 - pacman-client - INFO - Connecting to server at localhost:50051
2025-05-04 10:04:25,467 - pacman-client - INFO - Successfully connected to server
2025-05-04 10:04:25,468 - pacman-client - INFO - Reconnection successful
2025-05-04 10:04:25,468 - pacman-client - INFO - Attempting to rejoin game 723ba509-c2b3-45c2-84c3-c6e9de099a33
2025-05-04 10:04:25,469 - pacman-client - INFO - Joined game 723ba509-c2b3-45c2-84c3-c6e9de099a33
2025-05-04 10:04:53,961 - pacman-client - ERROR - Server connection lost: Cancelling all calls
2025-05-04 10:04:53,961 - pacman-client - INFO - Attempting to reconnect (1/5)...
2025-05-04 10:04:54,966 - pacman-client - INFO - Connecting to server at localhost:50051
2025-05-04 10:04:54,969 - pacman-client - ERROR - Failed to communicate with server: failed to connect to all addresses; last error: UNKNOWN: ipv4:127.0.0.1:50051: Failed to connect to remote host: Connection refused
2025-05-04 10:04:54,970 - pacman-client - ERROR - Reconnection failed
2025-05-04 10:11:31,739 - pacman-client - INFO - PacmanClient initialized with player_id: d723c9e6
2025-05-04 10:11:31,739 - pacman-client - INFO - Connecting to server at localhost:50051
2025-05-04 10:11:31,752 - pacman-client - INFO - Successfully connected to server
2025-05-04 10:11:34,601 - pacman-client - INFO - Created game with ID: c9cadf52-b062-4cdb-8fa2-30ca3dbd6b28
2025-05-04 10:11:41,496 - pacman-client - INFO - PacmanClient initialized with player_id: f02a848d
2025-05-04 10:11:41,496 - pacman-client - INFO - Connecting to server at localhost:50051
2025-05-04 10:11:41,499 - pacman-client - INFO - Successfully connected to server
2025-05-04 10:11:42,815 - pacman-client - INFO - Found 1 available games
2025-05-04 10:11:46,895 - pacman-client - INFO - Joined game c9cadf52-b062-4cdb-8fa2-30ca3dbd6b28
2025-05-04 10:12:36,925 - pacman-client - ERROR - Server connection lost: Too many pings
2025-05-04 10:12:36,925 - pacman-client - INFO - Attempting to reconnect (1/5)...
2025-05-04 10:12:37,929 - pacman-client - INFO - Connecting to server at localhost:50051
2025-05-04 10:12:37,944 - pacman-client - INFO - Successfully connected to server
2025-05-04 10:12:37,945 - pacman-client - INFO - Reconnection successful
2025-05-04 10:12:37,945 - pacman-client - INFO - Attempting to rejoin game c9cadf52-b062-4cdb-8fa2-30ca3dbd6b28
2025-05-04 10:12:37,946 - pacman-client - INFO - Joined game c9cadf52-b062-4cdb-8fa2-30ca3dbd6b28
2025-05-04 10:13:18,076 - pacman-client - ERROR - Server connection lost: Too many pings
2025-05-04 10:13:18,077 - pacman-client - INFO - Attempting to reconnect (1/5)...
2025-05-04 10:13:19,080 - pacman-client - INFO - Connecting to server at localhost:50051
2025-05-04 10:13:19,094 - pacman-client - INFO - Successfully connected to server
2025-05-04 10:13:19,094 - pacman-client - INFO - Reconnection successful
2025-05-04 10:13:19,094 - pacman-client - INFO - Attempting to rejoin game c9cadf52-b062-4cdb-8fa2-30ca3dbd6b28
2025-05-04 10:13:19,096 - pacman-client - INFO - Joined game c9cadf52-b062-4cdb-8fa2-30ca3dbd6b28
2025-05-04 10:13:59,209 - pacman-client - ERROR - Server connection lost: Too many pings
2025-05-04 10:13:59,210 - pacman-client - INFO - Attempting to reconnect (1/5)...
2025-05-04 10:14:00,215 - pacman-client - INFO - Connecting to server at localhost:50051
2025-05-04 10:14:00,223 - pacman-client - INFO - Successfully connected to server
2025-05-04 10:14:00,223 - pacman-client - INFO - Reconnection successful
2025-05-04 10:14:00,223 - pacman-client - INFO - Attempting to rejoin game c9cadf52-b062-4cdb-8fa2-30ca3dbd6b28
2025-05-04 10:14:00,224 - pacman-client - INFO - Joined game c9cadf52-b062-4cdb-8fa2-30ca3dbd6b28
2025-05-04 10:14:40,351 - pacman-client - ERROR - Server connection lost: Too many pings
2025-05-04 10:14:40,352 - pacman-client - INFO - Attempting to reconnect (1/5)...
2025-05-04 10:14:41,356 - pacman-client - INFO - Connecting to server at localhost:50051
2025-05-04 10:14:41,363 - pacman-client - INFO - Successfully connected to server
2025-05-04 10:14:41,364 - pacman-client - INFO - Reconnection successful
2025-05-04 10:14:41,364 - pacman-client - INFO - Attempting to rejoin game c9cadf52-b062-4cdb-8fa2-30ca3dbd6b28
2025-05-04 10:14:41,373 - pacman-client - INFO - Joined game c9cadf52-b062-4cdb-8fa2-30ca3dbd6b28
2025-05-04 10:15:21,488 - pacman-client - ERROR - Server connection lost: Too many pings
2025-05-04 10:15:21,488 - pacman-client - INFO - Attempting to reconnect (1/5)...
2025-05-04 10:15:22,491 - pacman-client - INFO - Connecting to server at localhost:50051
2025-05-04 10:15:22,495 - pacman-client - INFO - Successfully connected to server
2025-05-04 10:15:22,495 - pacman-client - INFO - Reconnection successful
2025-05-04 10:15:22,495 - pacman-client - INFO - Attempting to rejoin game c9cadf52-b062-4cdb-8fa2-30ca3dbd6b28
2025-05-04 10:15:22,503 - pacman-client - INFO - Joined game c9cadf52-b062-4cdb-8fa2-30ca3dbd6b28
2025-05-04 10:16:02,620 - pacman-client - ERROR - Server connection lost: Too many pings
2025-05-04 10:16:02,620 - pacman-client - INFO - Attempting to reconnect (1/5)...
2025-05-04 10:16:03,625 - pacman-client - INFO - Connecting to server at localhost:50051
2025-05-04 10:16:03,632 - pacman-client - INFO - Successfully connected to server
2025-05-04 10:16:03,632 - pacman-client - INFO - Reconnection successful
2025-05-04 10:16:03,632 - pacman-client - INFO - Attempting to rejoin game c9cadf52-b062-4cdb-8fa2-30ca3dbd6b28
2025-05-04 10:16:03,634 - pacman-client - INFO - Joined game c9cadf52-b062-4cdb-8fa2-30ca3dbd6b28
2025-05-04 10:16:43,764 - pacman-client - ERROR - Server connection lost: Too many pings
2025-05-04 10:16:43,765 - pacman-client - INFO - Attempting to reconnect (1/5)...
2025-05-04 10:16:44,768 - pacman-client - INFO - Connecting to server at localhost:50051
2025-05-04 10:16:44,774 - pacman-client - INFO - Successfully connected to server
2025-05-04 10:16:44,774 - pacman-client - INFO - Reconnection successful
2025-05-04 10:16:44,774 - pacman-client - INFO - Attempting to rejoin game c9cadf52-b062-4cdb-8fa2-30ca3dbd6b28
2025-05-04 10:16:44,777 - pacman-client - INFO - Joined game c9cadf52-b062-4cdb-8fa2-30ca3dbd6b28
2025-05-04 10:17:34,817 - pacman-client - ERROR - Server connection lost: Too many pings
2025-05-04 10:17:34,819 - pacman-client - INFO - Attempting to reconnect (1/5)...
2025-05-04 10:17:35,822 - pacman-client - INFO - Connecting to server at localhost:50051
2025-05-04 10:17:35,828 - pacman-client - INFO - Successfully connected to server
2025-05-04 10:17:35,828 - pacman-client - INFO - Reconnection successful
2025-05-04 10:17:35,830 - pacman-client - INFO - Attempting to rejoin game c9cadf52-b062-4cdb-8fa2-30ca3dbd6b28
2025-05-04 10:17:35,833 - pacman-client - INFO - Joined game c9cadf52-b062-4cdb-8fa2-30ca3dbd6b28
2025-05-04 10:18:15,951 - pacman-client - ERROR - Server connection lost: Too many pings
2025-05-04 10:18:15,951 - pacman-client - INFO - Attempting to reconnect (1/5)...
2025-05-04 10:18:16,951 - pacman-client - INFO - Connecting to server at localhost:50051
2025-05-04 10:18:16,957 - pacman-client - INFO - Successfully connected to server
2025-05-04 10:18:16,958 - pacman-client - INFO - Reconnection successful
2025-05-04 10:18:16,958 - pacman-client - INFO - Attempting to rejoin game c9cadf52-b062-4cdb-8fa2-30ca3dbd6b28
2025-05-04 10:18:16,959 - pacman-client - INFO - Joined game c9cadf52-b062-4cdb-8fa2-30ca3dbd6b28
2025-05-04 10:18:57,080 - pacman-client - ERROR - Server connection lost: Too many pings
2025-05-04 10:18:57,080 - pacman-client - INFO - Attempting to reconnect (1/5)...
2025-05-04 10:18:58,083 - pacman-client - INFO - Connecting to server at localhost:50051
2025-05-04 10:18:58,090 - pacman-client - INFO - Successfully connected to server
2025-05-04 10:18:58,091 - pacman-client - INFO - Reconnection successful
2025-05-04 10:18:58,091 - pacman-client - INFO - Attempting to rejoin game c9cadf52-b062-4cdb-8fa2-30ca3dbd6b28
2025-05-04 10:18:58,093 - pacman-client - INFO - Joined game c9cadf52-b062-4cdb-8fa2-30ca3dbd6b28
2025-05-04 10:19:38,217 - pacman-client - ERROR - Server connection lost: Too many pings
2025-05-04 10:19:38,217 - pacman-client - INFO - Attempting to reconnect (1/5)...
2025-05-04 10:19:39,220 - pacman-client - INFO - Connecting to server at localhost:50051
2025-05-04 10:19:39,227 - pacman-client - INFO - Successfully connected to server
2025-05-04 10:19:39,227 - pacman-client - INFO - Reconnection successful
2025-05-04 10:19:39,227 - pacman-client - INFO - Attempting to rejoin game c9cadf52-b062-4cdb-8fa2-30ca3dbd6b28
2025-05-04 10:19:39,228 - pacman-client - INFO - Joined game c9cadf52-b062-4cdb-8fa2-30ca3dbd6b28
2025-05-04 10:20:19,358 - pacman-client - ERROR - Server connection lost: Too many pings
2025-05-04 10:20:19,358 - pacman-client - INFO - Attempting to reconnect (1/5)...
2025-05-04 10:20:20,362 - pacman-client - INFO - Connecting to server at localhost:50051
2025-05-04 10:20:20,370 - pacman-client - INFO - Successfully connected to server
2025-05-04 10:20:20,371 - pacman-client - INFO - Reconnection successful
2025-05-04 10:20:20,371 - pacman-client - INFO - Attempting to rejoin game c9cadf52-b062-4cdb-8fa2-30ca3dbd6b28
2025-05-04 10:20:20,375 - pacman-client - INFO - Joined game c9cadf52-b062-4cdb-8fa2-30ca3dbd6b28
2025-05-04 10:21:10,406 - pacman-client - ERROR - Server connection lost: Too many pings
2025-05-04 10:21:10,406 - pacman-client - INFO - Attempting to reconnect (1/5)...
2025-05-04 10:21:11,409 - pacman-client - INFO - Connecting to server at localhost:50051
2025-05-04 10:21:11,414 - pacman-client - INFO - Successfully connected to server
2025-05-04 10:21:11,414 - pacman-client - INFO - Reconnection successful
2025-05-04 10:21:11,414 - pacman-client - INFO - Attempting to rejoin game c9cadf52-b062-4cdb-8fa2-30ca3dbd6b28
2025-05-04 10:21:11,415 - pacman-client - INFO - Joined game c9cadf52-b062-4cdb-8fa2-30ca3dbd6b28
2025-05-04 10:21:51,535 - pacman-client - ERROR - Server connection lost: Too many pings
2025-05-04 10:21:51,536 - pacman-client - INFO - Attempting to reconnect (1/5)...
2025-05-04 10:21:52,538 - pacman-client - INFO - Connecting to server at localhost:50051
2025-05-04 10:21:52,548 - pacman-client - INFO - Successfully connected to server
2025-05-04 10:21:52,549 - pacman-client - INFO - Reconnection successful
2025-05-04 10:21:52,549 - pacman-client - INFO - Attempting to rejoin game c9cadf52-b062-4cdb-8fa2-30ca3dbd6b28
2025-05-04 10:21:52,551 - pacman-client - INFO - Joined game c9cadf52-b062-4cdb-8fa2-30ca3dbd6b28
2025-05-04 10:22:02,570 - pacman-client - ERROR - Server connection lost: Cancelling all calls
2025-05-04 10:22:02,570 - pacman-client - INFO - Attempting to reconnect (1/5)...
2025-05-04 10:22:03,576 - pacman-client - INFO - Connecting to server at localhost:50051
2025-05-04 10:22:03,582 - pacman-client - ERROR - Failed to communicate with server: failed to connect to all addresses; last error: UNKNOWN: ipv4:127.0.0.1:50051: Failed to connect to remote host: Connection refused
2025-05-04 10:22:03,582 - pacman-client - ERROR - Reconnection failed
2025-05-04 10:26:35,216 - pacman-client - INFO - PacmanClient initialized with player_id: 27ae7b6f
2025-05-04 10:26:35,216 - pacman-client - INFO - Connecting to server at localhost:50051
2025-05-04 10:26:35,229 - pacman-client - INFO - Successfully connected to server
2025-05-04 10:26:41,422 - pacman-client - INFO - Created game with ID: 076d0e54-a236-4c98-b9a4-9a0fbd6351c4
2025-05-04 10:26:47,133 - pacman-client - INFO - Joined game 076d0e54-a236-4c98-b9a4-9a0fbd6351c4
2025-05-04 10:27:37,168 - pacman-client - ERROR - Server connection lost: Too many pings
2025-05-04 10:27:37,168 - pacman-client - INFO - Attempting to reconnect (1/5)...
2025-05-04 10:27:38,173 - pacman-client - INFO - Connecting to server at localhost:50051
2025-05-04 10:27:38,182 - pacman-client - INFO - Successfully connected to server
2025-05-04 10:27:38,182 - pacman-client - INFO - Reconnection successful
2025-05-04 10:27:38,182 - pacman-client - INFO - Attempting to rejoin game 076d0e54-a236-4c98-b9a4-9a0fbd6351c4
2025-05-04 10:27:38,183 - pacman-client - INFO - Joined game 076d0e54-a236-4c98-b9a4-9a0fbd6351c4
2025-05-04 10:28:18,305 - pacman-client - ERROR - Server connection lost: Too many pings
2025-05-04 10:28:18,306 - pacman-client - INFO - Attempting to reconnect (1/5)...
2025-05-04 10:28:19,310 - pacman-client - INFO - Connecting to server at localhost:50051
2025-05-04 10:28:19,316 - pacman-client - INFO - Successfully connected to server
2025-05-04 10:28:19,316 - pacman-client - INFO - Reconnection successful
2025-05-04 10:28:19,316 - pacman-client - INFO - Attempting to rejoin game 076d0e54-a236-4c98-b9a4-9a0fbd6351c4
2025-05-04 10:28:19,318 - pacman-client - INFO - Joined game 076d0e54-a236-4c98-b9a4-9a0fbd6351c4
2025-05-04 10:28:59,444 - pacman-client - ERROR - Server connection lost: Too many pings
2025-05-04 10:28:59,444 - pacman-client - INFO - Attempting to reconnect (1/5)...
2025-05-04 10:29:00,446 - pacman-client - INFO - Connecting to server at localhost:50051
2025-05-04 10:29:00,451 - pacman-client - INFO - Successfully connected to server
2025-05-04 10:29:00,451 - pacman-client - INFO - Reconnection successful
2025-05-04 10:29:00,452 - pacman-client - INFO - Attempting to rejoin game 076d0e54-a236-4c98-b9a4-9a0fbd6351c4
2025-05-04 10:29:00,453 - pacman-client - INFO - Joined game 076d0e54-a236-4c98-b9a4-9a0fbd6351c4
2025-05-04 10:29:50,485 - pacman-client - ERROR - Server connection lost: Too many pings
2025-05-04 10:29:50,486 - pacman-client - INFO - Attempting to reconnect (1/5)...
2025-05-04 10:29:51,490 - pacman-client - INFO - Connecting to server at localhost:50051
2025-05-04 10:29:51,496 - pacman-client - INFO - Successfully connected to server
2025-05-04 10:29:51,497 - pacman-client - INFO - Reconnection successful
2025-05-04 10:29:51,497 - pacman-client - INFO - Attempting to rejoin game 076d0e54-a236-4c98-b9a4-9a0fbd6351c4
2025-05-04 10:29:51,499 - pacman-client - INFO - Joined game 076d0e54-a236-4c98-b9a4-9a0fbd6351c4
2025-05-04 10:30:31,623 - pacman-client - ERROR - Server connection lost: Too many pings
2025-05-04 10:30:31,624 - pacman-client - INFO - Attempting to reconnect (1/5)...
2025-05-04 10:30:32,628 - pacman-client - INFO - Connecting to server at localhost:50051
2025-05-04 10:30:32,634 - pacman-client - INFO - Successfully connected to server
2025-05-04 10:30:32,634 - pacman-client - INFO - Reconnection successful
2025-05-04 10:30:32,635 - pacman-client - INFO - Attempting to rejoin game 076d0e54-a236-4c98-b9a4-9a0fbd6351c4
2025-05-04 10:30:32,636 - pacman-client - INFO - Joined game 076d0e54-a236-4c98-b9a4-9a0fbd6351c4
2025-05-04 10:31:12,759 - pacman-client - ERROR - Server connection lost: Too many pings
2025-05-04 10:31:12,760 - pacman-client - INFO - Attempting to reconnect (1/5)...
2025-05-04 10:31:13,763 - pacman-client - INFO - Connecting to server at localhost:50051
2025-05-04 10:31:13,770 - pacman-client - INFO - Successfully connected to server
2025-05-04 10:31:13,770 - pacman-client - INFO - Reconnection successful
2025-05-04 10:31:13,770 - pacman-client - INFO - Attempting to rejoin game 076d0e54-a236-4c98-b9a4-9a0fbd6351c4
2025-05-04 10:31:13,781 - pacman-client - INFO - Joined game 076d0e54-a236-4c98-b9a4-9a0fbd6351c4
2025-05-04 10:32:03,809 - pacman-client - ERROR - Server connection lost: Too many pings
2025-05-04 10:32:03,810 - pacman-client - INFO - Attempting to reconnect (1/5)...
2025-05-04 10:32:04,812 - pacman-client - INFO - Connecting to server at localhost:50051
2025-05-04 10:32:04,825 - pacman-client - INFO - Successfully connected to server
2025-05-04 10:32:04,825 - pacman-client - INFO - Reconnection successful
2025-05-04 10:32:04,825 - pacman-client - INFO - Attempting to rejoin game 076d0e54-a236-4c98-b9a4-9a0fbd6351c4
2025-05-04 10:32:04,827 - pacman-client - INFO - Joined game 076d0e54-a236-4c98-b9a4-9a0fbd6351c4
2025-05-04 10:32:34,799 - pacman-client - INFO - PacmanClient initialized with player_id: e18572cb
2025-05-04 10:32:34,800 - pacman-client - INFO - Connecting to server at localhost:50051
2025-05-04 10:32:39,503 - pacman-client - INFO - Found 0 available games
2025-05-04 10:32:46,453 - pacman-client - INFO - Created game with ID: d6bf3121-9c25-4d2b-a789-c802209af62b
2025-05-04 10:32:50,020 - pacman-client - INFO - Sending JOIN action for game d6bf3121-9c25-4d2b-a789-c802209af62b
2025-05-04 10:32:50,021 - pacman-client - INFO - Joined game d6bf3121-9c25-4d2b-a789-c802209af62b
2025-05-04 10:37:23,028 - pacman-client - INFO - PacmanClient initialized with player_id: fda7c335
2025-05-04 10:37:23,028 - pacman-client - INFO - Connecting to server at localhost:50051
2025-05-04 10:37:31,894 - pacman-client - INFO - Created game with ID: 99c486d8-a3e4-4bfa-9975-9f05599493ab
2025-05-04 10:37:34,050 - pacman-client - INFO - Sending JOIN action for game 99c486d8-a3e4-4bfa-9975-9f05599493ab
2025-05-04 10:37:34,052 - pacman-client - INFO - Joined game 99c486d8-a3e4-4bfa-9975-9f05599493ab
2025-05-04 10:49:23,783 - pacman-client - INFO - PacmanClient initialized with player_id: 7f15ab9a
2025-05-04 10:49:23,788 - pacman-client - INFO - Connected to server at localhost:50051
2025-05-04 10:49:31,005 - pacman-client - INFO - Listed 0 games
2025-05-04 10:49:37,370 - pacman-client - INFO - Created game with ID: 7439467b
2025-05-04 10:49:39,492 - pacman-client - INFO - Joined game 7439467b
2025-05-04 12:17:19,291 - pacman-client - ERROR - Server connection lost: Cancelling all calls
2025-05-04 12:17:19,292 - pacman-client - INFO - Attempting to reconnect (1/5)...
2025-05-04 12:17:20,296 - pacman-client - INFO - Connected to server at localhost:50051
2025-05-04 12:17:20,297 - pacman-client - INFO - Reconnection successful
2025-05-04 12:17:20,297 - pacman-client - INFO - Attempting to rejoin game 7439467b
2025-05-04 12:17:20,297 - pacman-client - WARNING - Already in a game session
2025-05-04 12:21:47,834 - pacman-client - INFO - PacmanClient initialized with player_id: bcee4969
2025-05-04 12:21:47,838 - pacman-client - INFO - Connected to server at localhost:50051
2025-05-04 12:21:54,200 - pacman-client - INFO - Created game with ID: b72f79cf
2025-05-04 12:21:55,744 - pacman-client - INFO - Joined game b72f79cf
2025-05-04 12:41:54,070 - pacman-client - INFO - PacmanClient initialized with player_id: a90c3563
2025-05-04 12:41:54,073 - pacman-client - INFO - Connected to server at localhost:50051
2025-05-04 12:41:54,073 - pacman-client - ERROR - Error setting up UI: Game.__init__() missing 2 required positional arguments: 'display' and 'rules'
Traceback (most recent call last):
  File "/Users/pedrogarcia/pAIc-man/pacman_client.py", line 342, in run_pacman_ui_client
    game = Game(lay, 0)
           ^^^^^^^^^^^^
TypeError: Game.__init__() missing 2 required positional arguments: 'display' and 'rules'
2025-05-04 12:43:35,634 - pacman-client - INFO - PacmanClient initialized with player_id: 073705b1
2025-05-04 12:43:35,637 - pacman-client - INFO - Connected to server at localhost:50051
2025-05-04 12:43:35,638 - pacman-client - ERROR - Error setting up UI: No module named 'game'
Traceback (most recent call last):
  File "/Users/pedrogarcia/pAIc-man/pacman_client.py", line 346, in run_pacman_ui_client
    import helpers.pacmanAgents as pacmanAgents
  File "/Users/pedrogarcia/pAIc-man/helpers/pacmanAgents.py", line 16, in <module>
    from game import Agent
ModuleNotFoundError: No module named 'game'
2025-05-04 12:47:01,427 - pacman-client - INFO - PacmanClient initialized with player_id: c3d6bc88
2025-05-04 12:47:01,428 - pacman-client - INFO - Connecting to server at localhost:50051
2025-05-04 12:47:14,608 - pacman-client - INFO - PacmanClient initialized with player_id: e4f5aa8c
2025-05-04 12:47:14,609 - pacman-client - INFO - Connecting to server at localhost:50051
2025-05-04 12:47:20,705 - pacman-client - ERROR - Error creating game: <_InactiveRpcError of RPC that terminated with:
	status = StatusCode.UNAVAILABLE
	details = "failed to connect to all addresses; last error: UNKNOWN: ipv4:127.0.0.1:50051: Failed to connect to remote host: Connection refused"
	debug_error_string = "UNKNOWN:Error received from peer  {created_time:"2025-05-04T12:47:20.705086-04:00", grpc_status:14, grpc_message:"failed to connect to all addresses; last error: UNKNOWN: ipv4:127.0.0.1:50051: Failed to connect to remote host: Connection refused"}"
>
Traceback (most recent call last):
  File "/Users/pedrogarcia/pAIc-man/pacman_client.py", line 83, in create_game
    response = self.stub.CreateGame(config)
               ^^^^^^^^^^^^^^^^^^^^^^^^^^^^
  File "/opt/homebrew/Caskroom/miniconda/base/lib/python3.12/site-packages/grpc/_channel.py", line 1176, in __call__
    return _end_unary_response_blocking(state, call, False, None)
           ^^^^^^^^^^^^^^^^^^^^^^^^^^^^^^^^^^^^^^^^^^^^^^^^^^^^^^
  File "/opt/homebrew/Caskroom/miniconda/base/lib/python3.12/site-packages/grpc/_channel.py", line 1005, in _end_unary_response_blocking
    raise _InactiveRpcError(state)  # pytype: disable=not-instantiable
    ^^^^^^^^^^^^^^^^^^^^^^^^^^^^^^
grpc._channel._InactiveRpcError: <_InactiveRpcError of RPC that terminated with:
	status = StatusCode.UNAVAILABLE
	details = "failed to connect to all addresses; last error: UNKNOWN: ipv4:127.0.0.1:50051: Failed to connect to remote host: Connection refused"
	debug_error_string = "UNKNOWN:Error received from peer  {created_time:"2025-05-04T12:47:20.705086-04:00", grpc_status:14, grpc_message:"failed to connect to all addresses; last error: UNKNOWN: ipv4:127.0.0.1:50051: Failed to connect to remote host: Connection refused"}"
>
2025-05-04 12:47:32,925 - pacman-client - INFO - PacmanClient initialized with player_id: 769bd695
2025-05-04 12:47:32,925 - pacman-client - INFO - Connecting to server at localhost:50051
2025-05-04 12:47:34,821 - pacman-client - INFO - Found 0 available games
2025-05-04 12:47:37,915 - pacman-client - INFO - Created game with ID: 109b0979-3b28-4bc7-bfc5-78f426200786
2025-05-04 12:47:43,950 - pacman-client - INFO - Joined game 109b0979-3b28-4bc7-bfc5-78f426200786
2025-05-04 13:19:10,939 - pacman-client - ERROR - Error in game state stream: <_MultiThreadedRendezvous of RPC that terminated with:
	status = StatusCode.UNAVAILABLE
	details = "Cancelling all calls"
	debug_error_string = "UNKNOWN:Error received from peer ipv6:%5B::1%5D:50051 {grpc_message:"Cancelling all calls", grpc_status:14, created_time:"2025-05-04T13:19:10.936411-04:00"}"
>
Traceback (most recent call last):
  File "/Users/pedrogarcia/pAIc-man/pacman_client.py", line 98, in _game_state_handler
    for game_state in game_state_stream:
  File "/opt/homebrew/Caskroom/miniconda/base/lib/python3.12/site-packages/grpc/_channel.py", line 542, in __next__
    return self._next()
           ^^^^^^^^^^^^
  File "/opt/homebrew/Caskroom/miniconda/base/lib/python3.12/site-packages/grpc/_channel.py", line 968, in _next
    raise self
grpc._channel._MultiThreadedRendezvous: <_MultiThreadedRendezvous of RPC that terminated with:
	status = StatusCode.UNAVAILABLE
	details = "Cancelling all calls"
	debug_error_string = "UNKNOWN:Error received from peer ipv6:%5B::1%5D:50051 {grpc_message:"Cancelling all calls", grpc_status:14, created_time:"2025-05-04T13:19:10.936411-04:00"}"
>
2025-05-04 13:19:11,012 - pacman-client - INFO - Left the game
2025-05-04 13:32:29,983 - pacman-client - INFO - PacmanClient initialized with player_id: 25f4ce91
2025-05-04 13:32:29,984 - pacman-client - INFO - Connecting to server at localhost:50051
2025-05-04 13:32:34,854 - pacman-client - INFO - Found 0 available games
2025-05-04 13:32:39,500 - pacman-client - INFO - Created game with ID: 8adf1e2c-3ee1-4136-89c5-0a3504cb46ed
2025-05-04 13:32:48,431 - pacman-client - INFO - Joined game 8adf1e2c-3ee1-4136-89c5-0a3504cb46ed
2025-05-04 13:33:22,919 - pacman-client - ERROR - Error in game state stream: <_MultiThreadedRendezvous of RPC that terminated with:
	status = StatusCode.UNAVAILABLE
	details = "Cancelling all calls"
	debug_error_string = "UNKNOWN:Error received from peer  {created_time:"2025-05-04T13:33:22.915825-04:00", grpc_status:14, grpc_message:"Cancelling all calls"}"
>
Traceback (most recent call last):
  File "/Users/pedrogarcia/pAIc-man/pacman_client.py", line 98, in _game_state_handler
    for game_state in game_state_stream:
  File "/Library/Frameworks/Python.framework/Versions/3.12/lib/python3.12/site-packages/grpc/_channel.py", line 543, in __next__
    return self._next()
           ^^^^^^^^^^^^
  File "/Library/Frameworks/Python.framework/Versions/3.12/lib/python3.12/site-packages/grpc/_channel.py", line 969, in _next
    raise self
grpc._channel._MultiThreadedRendezvous: <_MultiThreadedRendezvous of RPC that terminated with:
	status = StatusCode.UNAVAILABLE
	details = "Cancelling all calls"
	debug_error_string = "UNKNOWN:Error received from peer  {created_time:"2025-05-04T13:33:22.915825-04:00", grpc_status:14, grpc_message:"Cancelling all calls"}"
>
2025-05-04 13:33:22,970 - pacman-client - INFO - Left the game
2025-05-04 13:33:27,459 - pacman-client - INFO - PacmanClient initialized with player_id: 03d04095
2025-05-04 13:33:27,459 - pacman-client - INFO - Connecting to server at localhost:50051
2025-05-04 13:33:40,531 - pacman-client - INFO - PacmanClient initialized with player_id: fc03c60f
2025-05-04 13:33:40,532 - pacman-client - INFO - Connecting to server at localhost:50051
2025-05-04 13:33:45,514 - pacman-client - INFO - Created game with ID: 7706c863-02e7-4973-a4a8-f0785e42022f
2025-05-04 13:33:52,617 - pacman-client - INFO - Joined game 7706c863-02e7-4973-a4a8-f0785e42022f
2025-05-04 13:33:54,274 - pacman-client - INFO - Joined game 7706c863-02e7-4973-a4a8-f0785e42022f
2025-05-04 13:45:51,461 - pacman-client - ERROR - Error in game state stream: <_MultiThreadedRendezvous of RPC that terminated with:
	status = StatusCode.UNAVAILABLE
	details = "Cancelling all calls"
	debug_error_string = "UNKNOWN:Error received from peer ipv6:%5B::1%5D:50051 {grpc_message:"Cancelling all calls", grpc_status:14, created_time:"2025-05-04T13:45:51.458-04:00"}"
>
Traceback (most recent call last):
  File "/Users/pedrogarcia/pAIc-man/pacman_client.py", line 98, in _game_state_handler
    for game_state in game_state_stream:
  File "/Library/Frameworks/Python.framework/Versions/3.12/lib/python3.12/site-packages/grpc/_channel.py", line 543, in __next__
    return self._next()
           ^^^^^^^^^^^^
  File "/Library/Frameworks/Python.framework/Versions/3.12/lib/python3.12/site-packages/grpc/_channel.py", line 969, in _next
    raise self
grpc._channel._MultiThreadedRendezvous: <_MultiThreadedRendezvous of RPC that terminated with:
	status = StatusCode.UNAVAILABLE
	details = "Cancelling all calls"
	debug_error_string = "UNKNOWN:Error received from peer ipv6:%5B::1%5D:50051 {grpc_message:"Cancelling all calls", grpc_status:14, created_time:"2025-05-04T13:45:51.458-04:00"}"
>
2025-05-04 13:45:51,463 - pacman-client - ERROR - Error in game state stream: <_MultiThreadedRendezvous of RPC that terminated with:
	status = StatusCode.UNAVAILABLE
	details = "Cancelling all calls"
	debug_error_string = "UNKNOWN:Error received from peer ipv6:%5B::1%5D:50051 {grpc_message:"Cancelling all calls", grpc_status:14, created_time:"2025-05-04T13:45:51.460407-04:00"}"
>
Traceback (most recent call last):
  File "/Users/pedrogarcia/pAIc-man/pacman_client.py", line 98, in _game_state_handler
    for game_state in game_state_stream:
  File "/opt/homebrew/Caskroom/miniconda/base/lib/python3.12/site-packages/grpc/_channel.py", line 542, in __next__
    return self._next()
           ^^^^^^^^^^^^
  File "/opt/homebrew/Caskroom/miniconda/base/lib/python3.12/site-packages/grpc/_channel.py", line 968, in _next
    raise self
grpc._channel._MultiThreadedRendezvous: <_MultiThreadedRendezvous of RPC that terminated with:
	status = StatusCode.UNAVAILABLE
	details = "Cancelling all calls"
	debug_error_string = "UNKNOWN:Error received from peer ipv6:%5B::1%5D:50051 {grpc_message:"Cancelling all calls", grpc_status:14, created_time:"2025-05-04T13:45:51.460407-04:00"}"
>
2025-05-04 13:45:51,561 - pacman-client - INFO - Left the game
2025-05-04 13:45:51,561 - pacman-client - INFO - Left the game
